running egg_info
creating ../../build/four_wheel_bot_description/four_wheel_bot_description.egg-info
writing ../../build/four_wheel_bot_description/four_wheel_bot_description.egg-info/PKG-INFO
writing dependency_links to ../../build/four_wheel_bot_description/four_wheel_bot_description.egg-info/dependency_links.txt
writing entry points to ../../build/four_wheel_bot_description/four_wheel_bot_description.egg-info/entry_points.txt
writing requirements to ../../build/four_wheel_bot_description/four_wheel_bot_description.egg-info/requires.txt
writing top-level names to ../../build/four_wheel_bot_description/four_wheel_bot_description.egg-info/top_level.txt
writing manifest file '../../build/four_wheel_bot_description/four_wheel_bot_description.egg-info/SOURCES.txt'
reading manifest file '../../build/four_wheel_bot_description/four_wheel_bot_description.egg-info/SOURCES.txt'
writing manifest file '../../build/four_wheel_bot_description/four_wheel_bot_description.egg-info/SOURCES.txt'
running build
running build_py
creating /home/kits/task1_ws/build/four_wheel_bot_description/build
creating /home/kits/task1_ws/build/four_wheel_bot_description/build/lib
creating /home/kits/task1_ws/build/four_wheel_bot_description/build/lib/four_wheel_bot_description
copying four_wheel_bot_description/__init__.py -> /home/kits/task1_ws/build/four_wheel_bot_description/build/lib/four_wheel_bot_description
running install
running install_lib
creating /home/kits/task1_ws/install/four_wheel_bot_description/lib/python3.10/site-packages/four_wheel_bot_description
copying /home/kits/task1_ws/build/four_wheel_bot_description/build/lib/four_wheel_bot_description/__init__.py -> /home/kits/task1_ws/install/four_wheel_bot_description/lib/python3.10/site-packages/four_wheel_bot_description
byte-compiling /home/kits/task1_ws/install/four_wheel_bot_description/lib/python3.10/site-packages/four_wheel_bot_description/__init__.py to __init__.cpython-310.pyc
running install_data
creating /home/kits/task1_ws/install/four_wheel_bot_description/share/ament_index
creating /home/kits/task1_ws/install/four_wheel_bot_description/share/ament_index/resource_index
creating /home/kits/task1_ws/install/four_wheel_bot_description/share/ament_index/resource_index/packages
copying resource/four_wheel_bot_description -> /home/kits/task1_ws/install/four_wheel_bot_description/share/ament_index/resource_index/packages
copying package.xml -> /home/kits/task1_ws/install/four_wheel_bot_description/share/four_wheel_bot_description
running install_egg_info
Copying ../../build/four_wheel_bot_description/four_wheel_bot_description.egg-info to /home/kits/task1_ws/install/four_wheel_bot_description/lib/python3.10/site-packages/four_wheel_bot_description-0.0.0-py3.10.egg-info
running install_scripts
writing list of installed files to '/home/kits/task1_ws/build/four_wheel_bot_description/install.log'
