[0.361s] Invoking command in '/home/kits/task1_ws/src/four_wheel_bot_gazebo': AMENT_PREFIX_PATH=/home/kits/task1_ws/install/four_wheel_bot_description:${AMENT_PREFIX_PATH} PYTHONPATH=/home/kits/task1_ws/build/four_wheel_bot_gazebo/prefix_override:/usr/lib/python3/dist-packages/colcon_core/task/python/colcon_distutils_commands:/home/kits/task1_ws/install/four_wheel_bot_gazebo/lib/python3.10/site-packages:/home/kits/task1_ws/install/four_wheel_bot_description/lib/python3.10/site-packages:${PYTHONPATH} /usr/bin/python3 -W ignore:setup.py install is deprecated -W ignore:easy_install command is deprecated setup.py egg_info --egg-base ../../build/four_wheel_bot_gazebo build --build-base /home/kits/task1_ws/build/four_wheel_bot_gazebo/build install --record /home/kits/task1_ws/build/four_wheel_bot_gazebo/install.log --single-version-externally-managed install_data
[0.493s] running egg_info
[0.494s] creating ../../build/four_wheel_bot_gazebo/four_wheel_bot_gazebo.egg-info
[0.494s] writing ../../build/four_wheel_bot_gazebo/four_wheel_bot_gazebo.egg-info/PKG-INFO
[0.494s] writing dependency_links to ../../build/four_wheel_bot_gazebo/four_wheel_bot_gazebo.egg-info/dependency_links.txt
[0.494s] writing entry points to ../../build/four_wheel_bot_gazebo/four_wheel_bot_gazebo.egg-info/entry_points.txt
[0.494s] writing requirements to ../../build/four_wheel_bot_gazebo/four_wheel_bot_gazebo.egg-info/requires.txt
[0.494s] writing top-level names to ../../build/four_wheel_bot_gazebo/four_wheel_bot_gazebo.egg-info/top_level.txt
[0.494s] writing manifest file '../../build/four_wheel_bot_gazebo/four_wheel_bot_gazebo.egg-info/SOURCES.txt'
[0.495s] reading manifest file '../../build/four_wheel_bot_gazebo/four_wheel_bot_gazebo.egg-info/SOURCES.txt'
[0.495s] writing manifest file '../../build/four_wheel_bot_gazebo/four_wheel_bot_gazebo.egg-info/SOURCES.txt'
[0.495s] running build
[0.496s] running build_py
[0.496s] creating /home/kits/task1_ws/build/four_wheel_bot_gazebo/build
[0.496s] creating /home/kits/task1_ws/build/four_wheel_bot_gazebo/build/lib
[0.496s] creating /home/kits/task1_ws/build/four_wheel_bot_gazebo/build/lib/four_wheel_bot_gazebo
[0.496s] copying four_wheel_bot_gazebo/__init__.py -> /home/kits/task1_ws/build/four_wheel_bot_gazebo/build/lib/four_wheel_bot_gazebo
[0.496s] running install
[0.496s] running install_lib
[0.496s] creating /home/kits/task1_ws/install/four_wheel_bot_gazebo/lib/python3.10/site-packages/four_wheel_bot_gazebo
[0.496s] copying /home/kits/task1_ws/build/four_wheel_bot_gazebo/build/lib/four_wheel_bot_gazebo/__init__.py -> /home/kits/task1_ws/install/four_wheel_bot_gazebo/lib/python3.10/site-packages/four_wheel_bot_gazebo
[0.496s] byte-compiling /home/kits/task1_ws/install/four_wheel_bot_gazebo/lib/python3.10/site-packages/four_wheel_bot_gazebo/__init__.py to __init__.cpython-310.pyc
[0.497s] running install_data
[0.497s] creating /home/kits/task1_ws/install/four_wheel_bot_gazebo/share/ament_index
[0.497s] creating /home/kits/task1_ws/install/four_wheel_bot_gazebo/share/ament_index/resource_index
[0.497s] creating /home/kits/task1_ws/install/four_wheel_bot_gazebo/share/ament_index/resource_index/packages
[0.497s] copying resource/four_wheel_bot_gazebo -> /home/kits/task1_ws/install/four_wheel_bot_gazebo/share/ament_index/resource_index/packages
[0.497s] copying package.xml -> /home/kits/task1_ws/install/four_wheel_bot_gazebo/share/four_wheel_bot_gazebo
[0.497s] running install_egg_info
[0.498s] Copying ../../build/four_wheel_bot_gazebo/four_wheel_bot_gazebo.egg-info to /home/kits/task1_ws/install/four_wheel_bot_gazebo/lib/python3.10/site-packages/four_wheel_bot_gazebo-0.0.0-py3.10.egg-info
[0.498s] running install_scripts
[0.510s] writing list of installed files to '/home/kits/task1_ws/build/four_wheel_bot_gazebo/install.log'
[0.524s] Invoked command in '/home/kits/task1_ws/src/four_wheel_bot_gazebo' returned '0': AMENT_PREFIX_PATH=/home/kits/task1_ws/install/four_wheel_bot_description:${AMENT_PREFIX_PATH} PYTHONPATH=/home/kits/task1_ws/build/four_wheel_bot_gazebo/prefix_override:/usr/lib/python3/dist-packages/colcon_core/task/python/colcon_distutils_commands:/home/kits/task1_ws/install/four_wheel_bot_gazebo/lib/python3.10/site-packages:/home/kits/task1_ws/install/four_wheel_bot_description/lib/python3.10/site-packages:${PYTHONPATH} /usr/bin/python3 -W ignore:setup.py install is deprecated -W ignore:easy_install command is deprecated setup.py egg_info --egg-base ../../build/four_wheel_bot_gazebo build --build-base /home/kits/task1_ws/build/four_wheel_bot_gazebo/build install --record /home/kits/task1_ws/build/four_wheel_bot_gazebo/install.log --single-version-externally-managed install_data
