[0.106s] DEBUG:colcon:Command line arguments: ['/usr/bin/colcon', 'build']
[0.106s] DEBUG:colcon:Parsed command line arguments: Namespace(log_base=None, log_level=None, verb_name='build', build_base='build', install_base='install', merge_install=False, symlink_install=False, test_result_base=None, continue_on_error=False, executor='parallel', parallel_workers=16, event_handlers=None, ignore_user_meta=False, metas=['./colcon.meta'], base_paths=['.'], packages_ignore=None, packages_ignore_regex=None, paths=None, packages_up_to=None, packages_up_to_regex=None, packages_above=None, packages_above_and_dependencies=None, packages_above_depth=None, packages_select_by_dep=None, packages_skip_by_dep=None, packages_skip_up_to=None, packages_select_build_failed=False, packages_skip_build_finished=False, packages_select_test_failures=False, packages_skip_test_passed=False, packages_select=None, packages_skip=None, packages_select_regex=None, packages_skip_regex=None, packages_start=None, packages_end=None, allow_overriding=[], cmake_args=None, cmake_target=None, cmake_target_skip_unavailable=False, cmake_clean_cache=False, cmake_clean_first=False, cmake_force_configure=False, ament_cmake_args=None, catkin_cmake_args=None, catkin_skip_building_tests=False, mixin_files=None, mixin=None, verb_parser=<colcon_mixin.mixin.mixin_argument.MixinArgumentDecorator object at 0x729e85ac7460>, verb_extension=<colcon_core.verb.build.BuildVerb object at 0x729e85ac6dd0>, main=<bound method BuildVerb.main of <colcon_core.verb.build.BuildVerb object at 0x729e85ac6dd0>>, mixin_verb=('build',))
[0.280s] Level 1:colcon.colcon_core.package_discovery:discover_packages(colcon_meta) check parameters
[0.280s] Level 1:colcon.colcon_core.package_discovery:discover_packages(recursive) check parameters
[0.280s] Level 1:colcon.colcon_core.package_discovery:discover_packages(ignore) check parameters
[0.280s] Level 1:colcon.colcon_core.package_discovery:discover_packages(path) check parameters
[0.280s] Level 1:colcon.colcon_core.package_discovery:discover_packages(colcon_meta) discover
[0.280s] Level 1:colcon.colcon_core.package_discovery:discover_packages(recursive) discover
[0.280s] INFO:colcon.colcon_core.package_discovery:Crawling recursively for packages in '/home/kits/task1_ws'
[0.280s] Level 1:colcon.colcon_core.package_identification:_identify(.) by extensions ['ignore', 'ignore_ament_install']
[0.280s] Level 1:colcon.colcon_core.package_identification:_identify(.) by extension 'ignore'
[0.280s] Level 1:colcon.colcon_core.package_identification:_identify(.) by extension 'ignore_ament_install'
[0.280s] Level 1:colcon.colcon_core.package_identification:_identify(.) by extensions ['colcon_pkg']
[0.280s] Level 1:colcon.colcon_core.package_identification:_identify(.) by extension 'colcon_pkg'
[0.280s] Level 1:colcon.colcon_core.package_identification:_identify(.) by extensions ['colcon_meta']
[0.280s] Level 1:colcon.colcon_core.package_identification:_identify(.) by extension 'colcon_meta'
[0.280s] Level 1:colcon.colcon_core.package_identification:_identify(.) by extensions ['ros']
[0.280s] Level 1:colcon.colcon_core.package_identification:_identify(.) by extension 'ros'
[0.286s] Level 1:colcon.colcon_core.package_identification:_identify(.) by extensions ['cmake', 'python']
[0.286s] Level 1:colcon.colcon_core.package_identification:_identify(.) by extension 'cmake'
[0.286s] Level 1:colcon.colcon_core.package_identification:_identify(.) by extension 'python'
[0.286s] Level 1:colcon.colcon_core.package_identification:_identify(.) by extensions ['python_setup_py']
[0.286s] Level 1:colcon.colcon_core.package_identification:_identify(.) by extension 'python_setup_py'
[0.286s] Level 1:colcon.colcon_core.package_identification:_identify(build) by extensions ['ignore', 'ignore_ament_install']
[0.286s] Level 1:colcon.colcon_core.package_identification:_identify(build) by extension 'ignore'
[0.286s] Level 1:colcon.colcon_core.package_identification:_identify(build) ignored
[0.287s] Level 1:colcon.colcon_core.package_identification:_identify(install) by extensions ['ignore', 'ignore_ament_install']
[0.287s] Level 1:colcon.colcon_core.package_identification:_identify(install) by extension 'ignore'
[0.287s] Level 1:colcon.colcon_core.package_identification:_identify(install) ignored
[0.287s] Level 1:colcon.colcon_core.package_identification:_identify(log) by extensions ['ignore', 'ignore_ament_install']
[0.287s] Level 1:colcon.colcon_core.package_identification:_identify(log) by extension 'ignore'
[0.287s] Level 1:colcon.colcon_core.package_identification:_identify(log) ignored
[0.287s] Level 1:colcon.colcon_core.package_identification:_identify(src) by extensions ['ignore', 'ignore_ament_install']
[0.287s] Level 1:colcon.colcon_core.package_identification:_identify(src) by extension 'ignore'
[0.287s] Level 1:colcon.colcon_core.package_identification:_identify(src) by extension 'ignore_ament_install'
[0.287s] Level 1:colcon.colcon_core.package_identification:_identify(src) by extensions ['colcon_pkg']
[0.287s] Level 1:colcon.colcon_core.package_identification:_identify(src) by extension 'colcon_pkg'
[0.287s] Level 1:colcon.colcon_core.package_identification:_identify(src) by extensions ['colcon_meta']
[0.287s] Level 1:colcon.colcon_core.package_identification:_identify(src) by extension 'colcon_meta'
[0.287s] Level 1:colcon.colcon_core.package_identification:_identify(src) by extensions ['ros']
[0.287s] Level 1:colcon.colcon_core.package_identification:_identify(src) by extension 'ros'
[0.287s] Level 1:colcon.colcon_core.package_identification:_identify(src) by extensions ['cmake', 'python']
[0.287s] Level 1:colcon.colcon_core.package_identification:_identify(src) by extension 'cmake'
[0.287s] Level 1:colcon.colcon_core.package_identification:_identify(src) by extension 'python'
[0.287s] Level 1:colcon.colcon_core.package_identification:_identify(src) by extensions ['python_setup_py']
[0.287s] Level 1:colcon.colcon_core.package_identification:_identify(src) by extension 'python_setup_py'
[0.287s] Level 1:colcon.colcon_core.package_identification:_identify(src/four_wheel_bot_description) by extensions ['ignore', 'ignore_ament_install']
[0.287s] Level 1:colcon.colcon_core.package_identification:_identify(src/four_wheel_bot_description) by extension 'ignore'
[0.287s] Level 1:colcon.colcon_core.package_identification:_identify(src/four_wheel_bot_description) by extension 'ignore_ament_install'
[0.287s] Level 1:colcon.colcon_core.package_identification:_identify(src/four_wheel_bot_description) by extensions ['colcon_pkg']
[0.287s] Level 1:colcon.colcon_core.package_identification:_identify(src/four_wheel_bot_description) by extension 'colcon_pkg'
[0.287s] Level 1:colcon.colcon_core.package_identification:_identify(src/four_wheel_bot_description) by extensions ['colcon_meta']
[0.287s] Level 1:colcon.colcon_core.package_identification:_identify(src/four_wheel_bot_description) by extension 'colcon_meta'
[0.287s] Level 1:colcon.colcon_core.package_identification:_identify(src/four_wheel_bot_description) by extensions ['ros']
[0.287s] Level 1:colcon.colcon_core.package_identification:_identify(src/four_wheel_bot_description) by extension 'ros'
[0.290s] DEBUG:colcon.colcon_core.package_identification:Package 'src/four_wheel_bot_description' with type 'ros.ament_python' and name 'four_wheel_bot_description'
[0.290s] Level 1:colcon.colcon_core.package_identification:_identify(src/four_wheel_bot_gazebo) by extensions ['ignore', 'ignore_ament_install']
[0.290s] Level 1:colcon.colcon_core.package_identification:_identify(src/four_wheel_bot_gazebo) by extension 'ignore'
[0.290s] Level 1:colcon.colcon_core.package_identification:_identify(src/four_wheel_bot_gazebo) by extension 'ignore_ament_install'
[0.291s] Level 1:colcon.colcon_core.package_identification:_identify(src/four_wheel_bot_gazebo) by extensions ['colcon_pkg']
[0.291s] Level 1:colcon.colcon_core.package_identification:_identify(src/four_wheel_bot_gazebo) by extension 'colcon_pkg'
[0.291s] Level 1:colcon.colcon_core.package_identification:_identify(src/four_wheel_bot_gazebo) by extensions ['colcon_meta']
[0.291s] Level 1:colcon.colcon_core.package_identification:_identify(src/four_wheel_bot_gazebo) by extension 'colcon_meta'
[0.291s] Level 1:colcon.colcon_core.package_identification:_identify(src/four_wheel_bot_gazebo) by extensions ['ros']
[0.291s] Level 1:colcon.colcon_core.package_identification:_identify(src/four_wheel_bot_gazebo) by extension 'ros'
[0.291s] DEBUG:colcon.colcon_core.package_identification:Package 'src/four_wheel_bot_gazebo' with type 'ros.ament_python' and name 'four_wheel_bot_gazebo'
[0.291s] Level 1:colcon.colcon_core.package_identification:_identify(src/odom_kalman) by extensions ['ignore', 'ignore_ament_install']
[0.292s] Level 1:colcon.colcon_core.package_identification:_identify(src/odom_kalman) by extension 'ignore'
[0.292s] Level 1:colcon.colcon_core.package_identification:_identify(src/odom_kalman) by extension 'ignore_ament_install'
[0.292s] Level 1:colcon.colcon_core.package_identification:_identify(src/odom_kalman) by extensions ['colcon_pkg']
[0.292s] Level 1:colcon.colcon_core.package_identification:_identify(src/odom_kalman) by extension 'colcon_pkg'
[0.292s] Level 1:colcon.colcon_core.package_identification:_identify(src/odom_kalman) by extensions ['colcon_meta']
[0.292s] Level 1:colcon.colcon_core.package_identification:_identify(src/odom_kalman) by extension 'colcon_meta'
[0.292s] Level 1:colcon.colcon_core.package_identification:_identify(src/odom_kalman) by extensions ['ros']
[0.292s] Level 1:colcon.colcon_core.package_identification:_identify(src/odom_kalman) by extension 'ros'
[0.292s] DEBUG:colcon.colcon_core.package_identification:Package 'src/odom_kalman' with type 'ros.ament_python' and name 'odom_kalman'
[0.292s] Level 1:colcon.colcon_core.package_discovery:discover_packages(recursive) using defaults
[0.292s] Level 1:colcon.colcon_core.package_discovery:discover_packages(ignore) discover
[0.292s] Level 1:colcon.colcon_core.package_discovery:discover_packages(ignore) using defaults
[0.292s] Level 1:colcon.colcon_core.package_discovery:discover_packages(path) discover
[0.292s] Level 1:colcon.colcon_core.package_discovery:discover_packages(path) using defaults
[0.321s] Level 1:colcon.colcon_core.package_discovery:discover_packages(prefix_path) check parameters
[0.321s] Level 1:colcon.colcon_core.package_discovery:discover_packages(prefix_path) discover
[0.323s] DEBUG:colcon.colcon_installed_package_information.package_discovery:Found 1 installed packages in /home/kits/ros2_ws/install
[0.324s] DEBUG:colcon.colcon_installed_package_information.package_discovery:Found 451 installed packages in /opt/ros/humble
[0.325s] Level 1:colcon.colcon_core.package_discovery:discover_packages(prefix_path) using defaults
[0.354s] Level 5:colcon.colcon_core.verb:set package 'four_wheel_bot_description' build argument 'cmake_args' from command line to 'None'
[0.354s] Level 5:colcon.colcon_core.verb:set package 'four_wheel_bot_description' build argument 'cmake_target' from command line to 'None'
[0.354s] Level 5:colcon.colcon_core.verb:set package 'four_wheel_bot_description' build argument 'cmake_target_skip_unavailable' from command line to 'False'
[0.354s] Level 5:colcon.colcon_core.verb:set package 'four_wheel_bot_description' build argument 'cmake_clean_cache' from command line to 'False'
[0.354s] Level 5:colcon.colcon_core.verb:set package 'four_wheel_bot_description' build argument 'cmake_clean_first' from command line to 'False'
[0.354s] Level 5:colcon.colcon_core.verb:set package 'four_wheel_bot_description' build argument 'cmake_force_configure' from command line to 'False'
[0.354s] Level 5:colcon.colcon_core.verb:set package 'four_wheel_bot_description' build argument 'ament_cmake_args' from command line to 'None'
[0.354s] Level 5:colcon.colcon_core.verb:set package 'four_wheel_bot_description' build argument 'catkin_cmake_args' from command line to 'None'
[0.354s] Level 5:colcon.colcon_core.verb:set package 'four_wheel_bot_description' build argument 'catkin_skip_building_tests' from command line to 'False'
[0.354s] DEBUG:colcon.colcon_core.verb:Building package 'four_wheel_bot_description' with the following arguments: {'ament_cmake_args': None, 'build_base': '/home/kits/task1_ws/build/four_wheel_bot_description', 'catkin_cmake_args': None, 'catkin_skip_building_tests': False, 'cmake_args': None, 'cmake_clean_cache': False, 'cmake_clean_first': False, 'cmake_force_configure': False, 'cmake_target': None, 'cmake_target_skip_unavailable': False, 'install_base': '/home/kits/task1_ws/install/four_wheel_bot_description', 'merge_install': False, 'path': '/home/kits/task1_ws/src/four_wheel_bot_description', 'symlink_install': False, 'test_result_base': None}
[0.355s] Level 5:colcon.colcon_core.verb:set package 'odom_kalman' build argument 'cmake_args' from command line to 'None'
[0.355s] Level 5:colcon.colcon_core.verb:set package 'odom_kalman' build argument 'cmake_target' from command line to 'None'
[0.355s] Level 5:colcon.colcon_core.verb:set package 'odom_kalman' build argument 'cmake_target_skip_unavailable' from command line to 'False'
[0.355s] Level 5:colcon.colcon_core.verb:set package 'odom_kalman' build argument 'cmake_clean_cache' from command line to 'False'
[0.355s] Level 5:colcon.colcon_core.verb:set package 'odom_kalman' build argument 'cmake_clean_first' from command line to 'False'
[0.355s] Level 5:colcon.colcon_core.verb:set package 'odom_kalman' build argument 'cmake_force_configure' from command line to 'False'
[0.355s] Level 5:colcon.colcon_core.verb:set package 'odom_kalman' build argument 'ament_cmake_args' from command line to 'None'
[0.355s] Level 5:colcon.colcon_core.verb:set package 'odom_kalman' build argument 'catkin_cmake_args' from command line to 'None'
[0.355s] Level 5:colcon.colcon_core.verb:set package 'odom_kalman' build argument 'catkin_skip_building_tests' from command line to 'False'
[0.355s] DEBUG:colcon.colcon_core.verb:Building package 'odom_kalman' with the following arguments: {'ament_cmake_args': None, 'build_base': '/home/kits/task1_ws/build/odom_kalman', 'catkin_cmake_args': None, 'catkin_skip_building_tests': False, 'cmake_args': None, 'cmake_clean_cache': False, 'cmake_clean_first': False, 'cmake_force_configure': False, 'cmake_target': None, 'cmake_target_skip_unavailable': False, 'install_base': '/home/kits/task1_ws/install/odom_kalman', 'merge_install': False, 'path': '/home/kits/task1_ws/src/odom_kalman', 'symlink_install': False, 'test_result_base': None}
[0.355s] Level 5:colcon.colcon_core.verb:set package 'four_wheel_bot_gazebo' build argument 'cmake_args' from command line to 'None'
[0.355s] Level 5:colcon.colcon_core.verb:set package 'four_wheel_bot_gazebo' build argument 'cmake_target' from command line to 'None'
[0.355s] Level 5:colcon.colcon_core.verb:set package 'four_wheel_bot_gazebo' build argument 'cmake_target_skip_unavailable' from command line to 'False'
[0.355s] Level 5:colcon.colcon_core.verb:set package 'four_wheel_bot_gazebo' build argument 'cmake_clean_cache' from command line to 'False'
[0.355s] Level 5:colcon.colcon_core.verb:set package 'four_wheel_bot_gazebo' build argument 'cmake_clean_first' from command line to 'False'
[0.355s] Level 5:colcon.colcon_core.verb:set package 'four_wheel_bot_gazebo' build argument 'cmake_force_configure' from command line to 'False'
[0.355s] Level 5:colcon.colcon_core.verb:set package 'four_wheel_bot_gazebo' build argument 'ament_cmake_args' from command line to 'None'
[0.355s] Level 5:colcon.colcon_core.verb:set package 'four_wheel_bot_gazebo' build argument 'catkin_cmake_args' from command line to 'None'
[0.355s] Level 5:colcon.colcon_core.verb:set package 'four_wheel_bot_gazebo' build argument 'catkin_skip_building_tests' from command line to 'False'
[0.355s] DEBUG:colcon.colcon_core.verb:Building package 'four_wheel_bot_gazebo' with the following arguments: {'ament_cmake_args': None, 'build_base': '/home/kits/task1_ws/build/four_wheel_bot_gazebo', 'catkin_cmake_args': None, 'catkin_skip_building_tests': False, 'cmake_args': None, 'cmake_clean_cache': False, 'cmake_clean_first': False, 'cmake_force_configure': False, 'cmake_target': None, 'cmake_target_skip_unavailable': False, 'install_base': '/home/kits/task1_ws/install/four_wheel_bot_gazebo', 'merge_install': False, 'path': '/home/kits/task1_ws/src/four_wheel_bot_gazebo', 'symlink_install': False, 'test_result_base': None}
[0.355s] INFO:colcon.colcon_core.executor:Executing jobs using 'parallel' executor
[0.356s] DEBUG:colcon.colcon_parallel_executor.executor.parallel:run_until_complete
[0.356s] INFO:colcon.colcon_ros.task.ament_python.build:Building ROS package in '/home/kits/task1_ws/src/four_wheel_bot_description' with build type 'ament_python'
[0.356s] Level 1:colcon.colcon_core.shell:create_environment_hook('four_wheel_bot_description', 'ament_prefix_path')
[0.358s] INFO:colcon.colcon_core.plugin_system:Skipping extension 'colcon_core.shell.bat': Not used on non-Windows systems
[0.358s] INFO:colcon.colcon_core.shell:Creating environment hook '/home/kits/task1_ws/install/four_wheel_bot_description/share/four_wheel_bot_description/hook/ament_prefix_path.ps1'
[0.359s] INFO:colcon.colcon_core.shell:Creating environment descriptor '/home/kits/task1_ws/install/four_wheel_bot_description/share/four_wheel_bot_description/hook/ament_prefix_path.dsv'
[0.359s] INFO:colcon.colcon_core.shell:Creating environment hook '/home/kits/task1_ws/install/four_wheel_bot_description/share/four_wheel_bot_description/hook/ament_prefix_path.sh'
[0.360s] INFO:colcon.colcon_core.shell:Skip shell extension 'powershell' for command environment: Not usable outside of PowerShell
[0.360s] DEBUG:colcon.colcon_core.shell:Skip shell extension 'dsv' for command environment
[0.362s] INFO:colcon.colcon_ros.task.ament_python.build:Building ROS package in '/home/kits/task1_ws/src/odom_kalman' with build type 'ament_python'
[0.362s] Level 1:colcon.colcon_core.shell:create_environment_hook('odom_kalman', 'ament_prefix_path')
[0.362s] INFO:colcon.colcon_core.shell:Creating environment hook '/home/kits/task1_ws/install/odom_kalman/share/odom_kalman/hook/ament_prefix_path.ps1'
[0.362s] INFO:colcon.colcon_core.shell:Creating environment descriptor '/home/kits/task1_ws/install/odom_kalman/share/odom_kalman/hook/ament_prefix_path.dsv'
[0.362s] INFO:colcon.colcon_core.shell:Creating environment hook '/home/kits/task1_ws/install/odom_kalman/share/odom_kalman/hook/ament_prefix_path.sh'
[0.363s] INFO:colcon.colcon_core.shell:Skip shell extension 'powershell' for command environment: Not usable outside of PowerShell
[0.363s] DEBUG:colcon.colcon_core.shell:Skip shell extension 'dsv' for command environment
[0.514s] INFO:colcon.colcon_core.task.python.build:Building Python package in '/home/kits/task1_ws/src/four_wheel_bot_description'
[0.515s] INFO:colcon.colcon_core.shell:Skip shell extension 'powershell' for command environment: Not usable outside of PowerShell
[0.515s] DEBUG:colcon.colcon_core.shell:Skip shell extension 'dsv' for command environment
[0.658s] INFO:colcon.colcon_core.task.python.build:Building Python package in '/home/kits/task1_ws/src/odom_kalman'
[0.658s] INFO:colcon.colcon_core.shell:Skip shell extension 'powershell' for command environment: Not usable outside of PowerShell
[0.658s] DEBUG:colcon.colcon_core.shell:Skip shell extension 'dsv' for command environment
[0.953s] DEBUG:colcon.colcon_core.event_handler.log_command:Invoking command in '/home/kits/task1_ws/src/four_wheel_bot_description': PYTHONPATH=/home/kits/task1_ws/build/four_wheel_bot_description/prefix_override:/usr/lib/python3/dist-packages/colcon_core/task/python/colcon_distutils_commands:/home/kits/task1_ws/install/four_wheel_bot_description/lib/python3.10/site-packages:${PYTHONPATH} /usr/bin/python3 -W ignore:setup.py install is deprecated -W ignore:easy_install command is deprecated setup.py egg_info --egg-base ../../build/four_wheel_bot_description build --build-base /home/kits/task1_ws/build/four_wheel_bot_description/build install --record /home/kits/task1_ws/build/four_wheel_bot_description/install.log --single-version-externally-managed install_data
[0.955s] DEBUG:colcon.colcon_core.event_handler.log_command:Invoking command in '/home/kits/task1_ws/src/odom_kalman': PYTHONPATH=/home/kits/task1_ws/build/odom_kalman/prefix_override:/usr/lib/python3/dist-packages/colcon_core/task/python/colcon_distutils_commands:/home/kits/task1_ws/install/odom_kalman/lib/python3.10/site-packages:${PYTHONPATH} /usr/bin/python3 -W ignore:setup.py install is deprecated -W ignore:easy_install command is deprecated setup.py egg_info --egg-base ../../build/odom_kalman build --build-base /home/kits/task1_ws/build/odom_kalman/build install --record /home/kits/task1_ws/build/odom_kalman/install.log --single-version-externally-managed install_data
[1.122s] DEBUG:colcon.colcon_core.event_handler.log_command:Invoked command in '/home/kits/task1_ws/src/four_wheel_bot_description' returned '0': PYTHONPATH=/home/kits/task1_ws/build/four_wheel_bot_description/prefix_override:/usr/lib/python3/dist-packages/colcon_core/task/python/colcon_distutils_commands:/home/kits/task1_ws/install/four_wheel_bot_description/lib/python3.10/site-packages:${PYTHONPATH} /usr/bin/python3 -W ignore:setup.py install is deprecated -W ignore:easy_install command is deprecated setup.py egg_info --egg-base ../../build/four_wheel_bot_description build --build-base /home/kits/task1_ws/build/four_wheel_bot_description/build install --record /home/kits/task1_ws/build/four_wheel_bot_description/install.log --single-version-externally-managed install_data
[1.128s] Level 1:colcon.colcon_core.environment:checking '/home/kits/task1_ws/install/four_wheel_bot_description' for CMake module files
[1.128s] Level 1:colcon.colcon_core.environment:checking '/home/kits/task1_ws/install/four_wheel_bot_description' for CMake config files
[1.128s] Level 1:colcon.colcon_core.environment:checking '/home/kits/task1_ws/install/four_wheel_bot_description/lib'
[1.129s] Level 1:colcon.colcon_core.environment:checking '/home/kits/task1_ws/install/four_wheel_bot_description/bin'
[1.129s] Level 1:colcon.colcon_core.environment:checking '/home/kits/task1_ws/install/four_wheel_bot_description/lib/pkgconfig/four_wheel_bot_description.pc'
[1.129s] Level 1:colcon.colcon_core.environment:checking '/home/kits/task1_ws/install/four_wheel_bot_description/lib/python3.10/site-packages'
[1.129s] Level 1:colcon.colcon_core.shell:create_environment_hook('four_wheel_bot_description', 'pythonpath')
[1.129s] INFO:colcon.colcon_core.shell:Creating environment hook '/home/kits/task1_ws/install/four_wheel_bot_description/share/four_wheel_bot_description/hook/pythonpath.ps1'
[1.129s] INFO:colcon.colcon_core.shell:Creating environment descriptor '/home/kits/task1_ws/install/four_wheel_bot_description/share/four_wheel_bot_description/hook/pythonpath.dsv'
[1.129s] INFO:colcon.colcon_core.shell:Creating environment hook '/home/kits/task1_ws/install/four_wheel_bot_description/share/four_wheel_bot_description/hook/pythonpath.sh'
[1.130s] Level 1:colcon.colcon_core.environment:checking '/home/kits/task1_ws/install/four_wheel_bot_description/bin'
[1.130s] Level 1:colcon.colcon_core.environment:create_environment_scripts_only(four_wheel_bot_description)
[1.130s] INFO:colcon.colcon_core.shell:Creating package script '/home/kits/task1_ws/install/four_wheel_bot_description/share/four_wheel_bot_description/package.ps1'
[1.131s] INFO:colcon.colcon_core.shell:Creating package descriptor '/home/kits/task1_ws/install/four_wheel_bot_description/share/four_wheel_bot_description/package.dsv'
[1.131s] INFO:colcon.colcon_core.shell:Creating package script '/home/kits/task1_ws/install/four_wheel_bot_description/share/four_wheel_bot_description/package.sh'
[1.132s] INFO:colcon.colcon_core.shell:Creating package script '/home/kits/task1_ws/install/four_wheel_bot_description/share/four_wheel_bot_description/package.bash'
[1.133s] INFO:colcon.colcon_core.shell:Creating package script '/home/kits/task1_ws/install/four_wheel_bot_description/share/four_wheel_bot_description/package.zsh'
[1.133s] Level 1:colcon.colcon_core.environment:create_file_with_runtime_dependencies(/home/kits/task1_ws/install/four_wheel_bot_description/share/colcon-core/packages/four_wheel_bot_description)
[1.134s] INFO:colcon.colcon_ros.task.ament_python.build:Building ROS package in '/home/kits/task1_ws/src/four_wheel_bot_gazebo' with build type 'ament_python'
[1.134s] Level 1:colcon.colcon_core.shell:create_environment_hook('four_wheel_bot_gazebo', 'ament_prefix_path')
[1.134s] INFO:colcon.colcon_core.shell:Creating environment hook '/home/kits/task1_ws/install/four_wheel_bot_gazebo/share/four_wheel_bot_gazebo/hook/ament_prefix_path.ps1'
[1.134s] INFO:colcon.colcon_core.shell:Creating environment descriptor '/home/kits/task1_ws/install/four_wheel_bot_gazebo/share/four_wheel_bot_gazebo/hook/ament_prefix_path.dsv'
[1.134s] INFO:colcon.colcon_core.shell:Creating environment hook '/home/kits/task1_ws/install/four_wheel_bot_gazebo/share/four_wheel_bot_gazebo/hook/ament_prefix_path.sh'
[1.135s] INFO:colcon.colcon_core.shell:Skip shell extension 'powershell' for command environment: Not usable outside of PowerShell
[1.135s] DEBUG:colcon.colcon_core.shell:Skip shell extension 'dsv' for command environment
[1.137s] Level 1:colcon.colcon_core.environment:checking '/home/kits/task1_ws/install/odom_kalman' for CMake module files
[1.138s] DEBUG:colcon.colcon_core.event_handler.log_command:Invoked command in '/home/kits/task1_ws/src/odom_kalman' returned '0': PYTHONPATH=/home/kits/task1_ws/build/odom_kalman/prefix_override:/usr/lib/python3/dist-packages/colcon_core/task/python/colcon_distutils_commands:/home/kits/task1_ws/install/odom_kalman/lib/python3.10/site-packages:${PYTHONPATH} /usr/bin/python3 -W ignore:setup.py install is deprecated -W ignore:easy_install command is deprecated setup.py egg_info --egg-base ../../build/odom_kalman build --build-base /home/kits/task1_ws/build/odom_kalman/build install --record /home/kits/task1_ws/build/odom_kalman/install.log --single-version-externally-managed install_data
[1.138s] Level 1:colcon.colcon_core.environment:checking '/home/kits/task1_ws/install/odom_kalman' for CMake config files
[1.139s] Level 1:colcon.colcon_core.environment:checking '/home/kits/task1_ws/install/odom_kalman/lib'
[1.139s] Level 1:colcon.colcon_core.environment:checking '/home/kits/task1_ws/install/odom_kalman/bin'
[1.139s] Level 1:colcon.colcon_core.environment:checking '/home/kits/task1_ws/install/odom_kalman/lib/pkgconfig/odom_kalman.pc'
[1.139s] Level 1:colcon.colcon_core.environment:checking '/home/kits/task1_ws/install/odom_kalman/lib/python3.10/site-packages'
[1.139s] Level 1:colcon.colcon_core.shell:create_environment_hook('odom_kalman', 'pythonpath')
[1.139s] INFO:colcon.colcon_core.shell:Creating environment hook '/home/kits/task1_ws/install/odom_kalman/share/odom_kalman/hook/pythonpath.ps1'
[1.140s] INFO:colcon.colcon_core.shell:Creating environment descriptor '/home/kits/task1_ws/install/odom_kalman/share/odom_kalman/hook/pythonpath.dsv'
[1.140s] INFO:colcon.colcon_core.shell:Creating environment hook '/home/kits/task1_ws/install/odom_kalman/share/odom_kalman/hook/pythonpath.sh'
[1.140s] Level 1:colcon.colcon_core.environment:checking '/home/kits/task1_ws/install/odom_kalman/bin'
[1.140s] Level 1:colcon.colcon_core.environment:create_environment_scripts_only(odom_kalman)
[1.140s] INFO:colcon.colcon_core.shell:Creating package script '/home/kits/task1_ws/install/odom_kalman/share/odom_kalman/package.ps1'
[1.141s] INFO:colcon.colcon_core.shell:Creating package descriptor '/home/kits/task1_ws/install/odom_kalman/share/odom_kalman/package.dsv'
[1.141s] INFO:colcon.colcon_core.shell:Creating package script '/home/kits/task1_ws/install/odom_kalman/share/odom_kalman/package.sh'
[1.141s] INFO:colcon.colcon_core.shell:Creating package script '/home/kits/task1_ws/install/odom_kalman/share/odom_kalman/package.bash'
[1.141s] INFO:colcon.colcon_core.shell:Creating package script '/home/kits/task1_ws/install/odom_kalman/share/odom_kalman/package.zsh'
[1.141s] Level 1:colcon.colcon_core.environment:create_file_with_runtime_dependencies(/home/kits/task1_ws/install/odom_kalman/share/colcon-core/packages/odom_kalman)
[1.288s] INFO:colcon.colcon_core.task.python.build:Building Python package in '/home/kits/task1_ws/src/four_wheel_bot_gazebo'
[1.288s] INFO:colcon.colcon_core.shell:Skip shell extension 'powershell' for command environment: Not usable outside of PowerShell
[1.288s] DEBUG:colcon.colcon_core.shell:Skip shell extension 'dsv' for command environment
[1.495s] DEBUG:colcon.colcon_core.event_handler.log_command:Invoking command in '/home/kits/task1_ws/src/four_wheel_bot_gazebo': AMENT_PREFIX_PATH=/home/kits/task1_ws/install/four_wheel_bot_description:${AMENT_PREFIX_PATH} PYTHONPATH=/home/kits/task1_ws/build/four_wheel_bot_gazebo/prefix_override:/usr/lib/python3/dist-packages/colcon_core/task/python/colcon_distutils_commands:/home/kits/task1_ws/install/four_wheel_bot_gazebo/lib/python3.10/site-packages:/home/kits/task1_ws/install/four_wheel_bot_description/lib/python3.10/site-packages:${PYTHONPATH} /usr/bin/python3 -W ignore:setup.py install is deprecated -W ignore:easy_install command is deprecated setup.py egg_info --egg-base ../../build/four_wheel_bot_gazebo build --build-base /home/kits/task1_ws/build/four_wheel_bot_gazebo/build install --record /home/kits/task1_ws/build/four_wheel_bot_gazebo/install.log --single-version-externally-managed install_data
[1.658s] Level 1:colcon.colcon_core.environment:checking '/home/kits/task1_ws/install/four_wheel_bot_gazebo' for CMake module files
[1.659s] DEBUG:colcon.colcon_core.event_handler.log_command:Invoked command in '/home/kits/task1_ws/src/four_wheel_bot_gazebo' returned '0': AMENT_PREFIX_PATH=/home/kits/task1_ws/install/four_wheel_bot_description:${AMENT_PREFIX_PATH} PYTHONPATH=/home/kits/task1_ws/build/four_wheel_bot_gazebo/prefix_override:/usr/lib/python3/dist-packages/colcon_core/task/python/colcon_distutils_commands:/home/kits/task1_ws/install/four_wheel_bot_gazebo/lib/python3.10/site-packages:/home/kits/task1_ws/install/four_wheel_bot_description/lib/python3.10/site-packages:${PYTHONPATH} /usr/bin/python3 -W ignore:setup.py install is deprecated -W ignore:easy_install command is deprecated setup.py egg_info --egg-base ../../build/four_wheel_bot_gazebo build --build-base /home/kits/task1_ws/build/four_wheel_bot_gazebo/build install --record /home/kits/task1_ws/build/four_wheel_bot_gazebo/install.log --single-version-externally-managed install_data
[1.659s] Level 1:colcon.colcon_core.environment:checking '/home/kits/task1_ws/install/four_wheel_bot_gazebo' for CMake config files
[1.659s] Level 1:colcon.colcon_core.environment:checking '/home/kits/task1_ws/install/four_wheel_bot_gazebo/lib'
[1.660s] Level 1:colcon.colcon_core.environment:checking '/home/kits/task1_ws/install/four_wheel_bot_gazebo/bin'
[1.660s] Level 1:colcon.colcon_core.environment:checking '/home/kits/task1_ws/install/four_wheel_bot_gazebo/lib/pkgconfig/four_wheel_bot_gazebo.pc'
[1.660s] Level 1:colcon.colcon_core.environment:checking '/home/kits/task1_ws/install/four_wheel_bot_gazebo/lib/python3.10/site-packages'
[1.660s] Level 1:colcon.colcon_core.shell:create_environment_hook('four_wheel_bot_gazebo', 'pythonpath')
[1.660s] INFO:colcon.colcon_core.shell:Creating environment hook '/home/kits/task1_ws/install/four_wheel_bot_gazebo/share/four_wheel_bot_gazebo/hook/pythonpath.ps1'
[1.661s] INFO:colcon.colcon_core.shell:Creating environment descriptor '/home/kits/task1_ws/install/four_wheel_bot_gazebo/share/four_wheel_bot_gazebo/hook/pythonpath.dsv'
[1.661s] INFO:colcon.colcon_core.shell:Creating environment hook '/home/kits/task1_ws/install/four_wheel_bot_gazebo/share/four_wheel_bot_gazebo/hook/pythonpath.sh'
[1.661s] Level 1:colcon.colcon_core.environment:checking '/home/kits/task1_ws/install/four_wheel_bot_gazebo/bin'
[1.662s] Level 1:colcon.colcon_core.environment:create_environment_scripts_only(four_wheel_bot_gazebo)
[1.662s] INFO:colcon.colcon_core.shell:Creating package script '/home/kits/task1_ws/install/four_wheel_bot_gazebo/share/four_wheel_bot_gazebo/package.ps1'
[1.662s] INFO:colcon.colcon_core.shell:Creating package descriptor '/home/kits/task1_ws/install/four_wheel_bot_gazebo/share/four_wheel_bot_gazebo/package.dsv'
[1.662s] INFO:colcon.colcon_core.shell:Creating package script '/home/kits/task1_ws/install/four_wheel_bot_gazebo/share/four_wheel_bot_gazebo/package.sh'
[1.662s] INFO:colcon.colcon_core.shell:Creating package script '/home/kits/task1_ws/install/four_wheel_bot_gazebo/share/four_wheel_bot_gazebo/package.bash'
[1.663s] INFO:colcon.colcon_core.shell:Creating package script '/home/kits/task1_ws/install/four_wheel_bot_gazebo/share/four_wheel_bot_gazebo/package.zsh'
[1.663s] Level 1:colcon.colcon_core.environment:create_file_with_runtime_dependencies(/home/kits/task1_ws/install/four_wheel_bot_gazebo/share/colcon-core/packages/four_wheel_bot_gazebo)
[1.663s] DEBUG:colcon.colcon_parallel_executor.executor.parallel:closing loop
[1.663s] DEBUG:colcon.colcon_parallel_executor.executor.parallel:loop closed
[1.663s] DEBUG:colcon.colcon_parallel_executor.executor.parallel:run_until_complete finished with '0'
[1.663s] DEBUG:colcon.colcon_core.event_reactor:joining thread
[1.671s] INFO:colcon.colcon_core.plugin_system:Skipping extension 'colcon_notification.desktop_notification.terminal_notifier': Not used on non-Darwin systems
[1.671s] INFO:colcon.colcon_core.plugin_system:Skipping extension 'colcon_notification.desktop_notification.win32': Not used on non-Windows systems
[1.671s] INFO:colcon.colcon_notification.desktop_notification:Sending desktop notification using 'notify2'
[1.682s] DEBUG:colcon.colcon_core.event_reactor:joined thread
[1.683s] INFO:colcon.colcon_core.shell:Creating prefix script '/home/kits/task1_ws/install/local_setup.ps1'
[1.684s] INFO:colcon.colcon_core.shell:Creating prefix util module '/home/kits/task1_ws/install/_local_setup_util_ps1.py'
[1.685s] INFO:colcon.colcon_core.shell:Creating prefix chain script '/home/kits/task1_ws/install/setup.ps1'
[1.686s] INFO:colcon.colcon_core.shell:Creating prefix script '/home/kits/task1_ws/install/local_setup.sh'
[1.687s] INFO:colcon.colcon_core.shell:Creating prefix util module '/home/kits/task1_ws/install/_local_setup_util_sh.py'
[1.688s] INFO:colcon.colcon_core.shell:Creating prefix chain script '/home/kits/task1_ws/install/setup.sh'
[1.689s] INFO:colcon.colcon_core.shell:Creating prefix script '/home/kits/task1_ws/install/local_setup.bash'
[1.689s] INFO:colcon.colcon_core.shell:Creating prefix chain script '/home/kits/task1_ws/install/setup.bash'
[1.691s] INFO:colcon.colcon_core.shell:Creating prefix script '/home/kits/task1_ws/install/local_setup.zsh'
[1.691s] INFO:colcon.colcon_core.shell:Creating prefix chain script '/home/kits/task1_ws/install/setup.zsh'
