running egg_info
creating ../../build/odom_kalman/odom_kalman.egg-info
writing ../../build/odom_kalman/odom_kalman.egg-info/PKG-INFO
writing dependency_links to ../../build/odom_kalman/odom_kalman.egg-info/dependency_links.txt
writing entry points to ../../build/odom_kalman/odom_kalman.egg-info/entry_points.txt
writing requirements to ../../build/odom_kalman/odom_kalman.egg-info/requires.txt
writing top-level names to ../../build/odom_kalman/odom_kalman.egg-info/top_level.txt
writing manifest file '../../build/odom_kalman/odom_kalman.egg-info/SOURCES.txt'
reading manifest file '../../build/odom_kalman/odom_kalman.egg-info/SOURCES.txt'
writing manifest file '../../build/odom_kalman/odom_kalman.egg-info/SOURCES.txt'
running build
running build_py
creating /home/kits/task1_ws/build/odom_kalman/build
creating /home/kits/task1_ws/build/odom_kalman/build/lib
creating /home/kits/task1_ws/build/odom_kalman/build/lib/odom_kalman
copying odom_kalman/__init__.py -> /home/kits/task1_ws/build/odom_kalman/build/lib/odom_kalman
copying odom_kalman/kalman_node.py -> /home/kits/task1_ws/build/odom_kalman/build/lib/odom_kalman
running install
running install_lib
creating /home/kits/task1_ws/install/odom_kalman/lib/python3.10/site-packages/odom_kalman
copying /home/kits/task1_ws/build/odom_kalman/build/lib/odom_kalman/__init__.py -> /home/kits/task1_ws/install/odom_kalman/lib/python3.10/site-packages/odom_kalman
copying /home/kits/task1_ws/build/odom_kalman/build/lib/odom_kalman/kalman_node.py -> /home/kits/task1_ws/install/odom_kalman/lib/python3.10/site-packages/odom_kalman
byte-compiling /home/kits/task1_ws/install/odom_kalman/lib/python3.10/site-packages/odom_kalman/__init__.py to __init__.cpython-310.pyc
byte-compiling /home/kits/task1_ws/install/odom_kalman/lib/python3.10/site-packages/odom_kalman/kalman_node.py to kalman_node.cpython-310.pyc
running install_data
creating /home/kits/task1_ws/install/odom_kalman/share/ament_index
creating /home/kits/task1_ws/install/odom_kalman/share/ament_index/resource_index
creating /home/kits/task1_ws/install/odom_kalman/share/ament_index/resource_index/packages
copying resource/odom_kalman -> /home/kits/task1_ws/install/odom_kalman/share/ament_index/resource_index/packages
copying package.xml -> /home/kits/task1_ws/install/odom_kalman/share/odom_kalman
running install_egg_info
Copying ../../build/odom_kalman/odom_kalman.egg-info to /home/kits/task1_ws/install/odom_kalman/lib/python3.10/site-packages/odom_kalman-0.0.0-py3.10.egg-info
running install_scripts
writing list of installed files to '/home/kits/task1_ws/build/odom_kalman/install.log'
