[0.593s] Invoking command in '/home/kits/task1_ws/src/odom_kalman': PYTHONPATH=/home/kits/task1_ws/build/odom_kalman/prefix_override:/usr/lib/python3/dist-packages/colcon_core/task/python/colcon_distutils_commands:/home/kits/task1_ws/install/odom_kalman/lib/python3.10/site-packages:${PYTHONPATH} /usr/bin/python3 -W ignore:setup.py install is deprecated -W ignore:easy_install command is deprecated setup.py egg_info --egg-base ../../build/odom_kalman build --build-base /home/kits/task1_ws/build/odom_kalman/build install --record /home/kits/task1_ws/build/odom_kalman/install.log --single-version-externally-managed install_data
[0.727s] running egg_info
[0.728s] creating ../../build/odom_kalman/odom_kalman.egg-info
[0.728s] writing ../../build/odom_kalman/odom_kalman.egg-info/PKG-INFO
[0.728s] writing dependency_links to ../../build/odom_kalman/odom_kalman.egg-info/dependency_links.txt
[0.729s] writing entry points to ../../build/odom_kalman/odom_kalman.egg-info/entry_points.txt
[0.729s] writing requirements to ../../build/odom_kalman/odom_kalman.egg-info/requires.txt
[0.729s] writing top-level names to ../../build/odom_kalman/odom_kalman.egg-info/top_level.txt
[0.729s] writing manifest file '../../build/odom_kalman/odom_kalman.egg-info/SOURCES.txt'
[0.730s] reading manifest file '../../build/odom_kalman/odom_kalman.egg-info/SOURCES.txt'
[0.731s] writing manifest file '../../build/odom_kalman/odom_kalman.egg-info/SOURCES.txt'
[0.731s] running build
[0.731s] running build_py
[0.731s] creating /home/kits/task1_ws/build/odom_kalman/build
[0.731s] creating /home/kits/task1_ws/build/odom_kalman/build/lib
[0.731s] creating /home/kits/task1_ws/build/odom_kalman/build/lib/odom_kalman
[0.731s] copying odom_kalman/__init__.py -> /home/kits/task1_ws/build/odom_kalman/build/lib/odom_kalman
[0.731s] copying odom_kalman/kalman_node.py -> /home/kits/task1_ws/build/odom_kalman/build/lib/odom_kalman
[0.731s] running install
[0.731s] running install_lib
[0.731s] creating /home/kits/task1_ws/install/odom_kalman/lib/python3.10/site-packages/odom_kalman
[0.731s] copying /home/kits/task1_ws/build/odom_kalman/build/lib/odom_kalman/__init__.py -> /home/kits/task1_ws/install/odom_kalman/lib/python3.10/site-packages/odom_kalman
[0.731s] copying /home/kits/task1_ws/build/odom_kalman/build/lib/odom_kalman/kalman_node.py -> /home/kits/task1_ws/install/odom_kalman/lib/python3.10/site-packages/odom_kalman
[0.731s] byte-compiling /home/kits/task1_ws/install/odom_kalman/lib/python3.10/site-packages/odom_kalman/__init__.py to __init__.cpython-310.pyc
[0.731s] byte-compiling /home/kits/task1_ws/install/odom_kalman/lib/python3.10/site-packages/odom_kalman/kalman_node.py to kalman_node.cpython-310.pyc
[0.732s] running install_data
[0.732s] creating /home/kits/task1_ws/install/odom_kalman/share/ament_index
[0.732s] creating /home/kits/task1_ws/install/odom_kalman/share/ament_index/resource_index
[0.732s] creating /home/kits/task1_ws/install/odom_kalman/share/ament_index/resource_index/packages
[0.732s] copying resource/odom_kalman -> /home/kits/task1_ws/install/odom_kalman/share/ament_index/resource_index/packages
[0.732s] copying package.xml -> /home/kits/task1_ws/install/odom_kalman/share/odom_kalman
[0.732s] running install_egg_info
[0.733s] Copying ../../build/odom_kalman/odom_kalman.egg-info to /home/kits/task1_ws/install/odom_kalman/lib/python3.10/site-packages/odom_kalman-0.0.0-py3.10.egg-info
[0.734s] running install_scripts
[0.747s] writing list of installed files to '/home/kits/task1_ws/build/odom_kalman/install.log'
[0.776s] Invoked command in '/home/kits/task1_ws/src/odom_kalman' returned '0': PYTHONPATH=/home/kits/task1_ws/build/odom_kalman/prefix_override:/usr/lib/python3/dist-packages/colcon_core/task/python/colcon_distutils_commands:/home/kits/task1_ws/install/odom_kalman/lib/python3.10/site-packages:${PYTHONPATH} /usr/bin/python3 -W ignore:setup.py install is deprecated -W ignore:easy_install command is deprecated setup.py egg_info --egg-base ../../build/odom_kalman build --build-base /home/kits/task1_ws/build/odom_kalman/build install --record /home/kits/task1_ws/build/odom_kalman/install.log --single-version-externally-managed install_data
