[0.542s] Invoking command in '/home/kits/task1_ws/src/four_wheel_bot_description': PYTHONPATH=/home/kits/task1_ws/build/four_wheel_bot_description/prefix_override:/usr/lib/python3/dist-packages/colcon_core/task/python/colcon_distutils_commands:/home/kits/task1_ws/install/four_wheel_bot_description/lib/python3.10/site-packages:${PYTHONPATH} /usr/bin/python3 -W ignore:setup.py install is deprecated -W ignore:easy_install command is deprecated setup.py egg_info --egg-base ../../build/four_wheel_bot_description build --build-base /home/kits/task1_ws/build/four_wheel_bot_description/build install --record /home/kits/task1_ws/build/four_wheel_bot_description/install.log --single-version-externally-managed install_data
[0.681s] running egg_info
[0.681s] writing ../../build/four_wheel_bot_description/four_wheel_bot_description.egg-info/PKG-INFO
[0.681s] writing dependency_links to ../../build/four_wheel_bot_description/four_wheel_bot_description.egg-info/dependency_links.txt
[0.681s] writing entry points to ../../build/four_wheel_bot_description/four_wheel_bot_description.egg-info/entry_points.txt
[0.681s] writing requirements to ../../build/four_wheel_bot_description/four_wheel_bot_description.egg-info/requires.txt
[0.681s] writing top-level names to ../../build/four_wheel_bot_description/four_wheel_bot_description.egg-info/top_level.txt
[0.682s] reading manifest file '../../build/four_wheel_bot_description/four_wheel_bot_description.egg-info/SOURCES.txt'
[0.683s] writing manifest file '../../build/four_wheel_bot_description/four_wheel_bot_description.egg-info/SOURCES.txt'
[0.683s] running build
[0.683s] running build_py
[0.683s] running install
[0.683s] running install_lib
[0.683s] running install_data
[0.684s] copying urdf/four_wheel_bot.urdf.xacro -> /home/kits/task1_ws/install/four_wheel_bot_description/share/four_wheel_bot_description/urdf
[0.684s] running install_egg_info
[0.685s] removing '/home/kits/task1_ws/install/four_wheel_bot_description/lib/python3.10/site-packages/four_wheel_bot_description-0.0.0-py3.10.egg-info' (and everything under it)
[0.685s] Copying ../../build/four_wheel_bot_description/four_wheel_bot_description.egg-info to /home/kits/task1_ws/install/four_wheel_bot_description/lib/python3.10/site-packages/four_wheel_bot_description-0.0.0-py3.10.egg-info
[0.685s] running install_scripts
[0.698s] writing list of installed files to '/home/kits/task1_ws/build/four_wheel_bot_description/install.log'
[0.713s] Invoked command in '/home/kits/task1_ws/src/four_wheel_bot_description' returned '0': PYTHONPATH=/home/kits/task1_ws/build/four_wheel_bot_description/prefix_override:/usr/lib/python3/dist-packages/colcon_core/task/python/colcon_distutils_commands:/home/kits/task1_ws/install/four_wheel_bot_description/lib/python3.10/site-packages:${PYTHONPATH} /usr/bin/python3 -W ignore:setup.py install is deprecated -W ignore:easy_install command is deprecated setup.py egg_info --egg-base ../../build/four_wheel_bot_description build --build-base /home/kits/task1_ws/build/four_wheel_bot_description/build install --record /home/kits/task1_ws/build/four_wheel_bot_description/install.log --single-version-externally-managed install_data
