[0.528s] Invoking command in '/home/kits/task1_ws/src/odom_kalman': PYTHONPATH=/home/kits/task1_ws/build/odom_kalman/prefix_override:/usr/lib/python3/dist-packages/colcon_core/task/python/colcon_distutils_commands:/home/kits/task1_ws/install/odom_kalman/lib/python3.10/site-packages:${PYTHONPATH} /usr/bin/python3 -W ignore:setup.py install is deprecated -W ignore:easy_install command is deprecated setup.py egg_info --egg-base ../../build/odom_kalman build --build-base /home/kits/task1_ws/build/odom_kalman/build install --record /home/kits/task1_ws/build/odom_kalman/install.log --single-version-externally-managed install_data
[0.668s] running egg_info
[0.668s] writing ../../build/odom_kalman/odom_kalman.egg-info/PKG-INFO
[0.668s] writing dependency_links to ../../build/odom_kalman/odom_kalman.egg-info/dependency_links.txt
[0.669s] writing entry points to ../../build/odom_kalman/odom_kalman.egg-info/entry_points.txt
[0.669s] writing requirements to ../../build/odom_kalman/odom_kalman.egg-info/requires.txt
[0.669s] writing top-level names to ../../build/odom_kalman/odom_kalman.egg-info/top_level.txt
[0.670s] reading manifest file '../../build/odom_kalman/odom_kalman.egg-info/SOURCES.txt'
[0.670s] writing manifest file '../../build/odom_kalman/odom_kalman.egg-info/SOURCES.txt'
[0.670s] running build
[0.670s] running build_py
[0.670s] running install
[0.670s] running install_lib
[0.671s] running install_data
[0.671s] running install_egg_info
[0.672s] removing '/home/kits/task1_ws/install/odom_kalman/lib/python3.10/site-packages/odom_kalman-0.0.0-py3.10.egg-info' (and everything under it)
[0.672s] Copying ../../build/odom_kalman/odom_kalman.egg-info to /home/kits/task1_ws/install/odom_kalman/lib/python3.10/site-packages/odom_kalman-0.0.0-py3.10.egg-info
[0.673s] running install_scripts
[0.685s] Installing kalman_node script to /home/kits/task1_ws/install/odom_kalman/lib/odom_kalman
[0.685s] writing list of installed files to '/home/kits/task1_ws/build/odom_kalman/install.log'
[0.702s] Invoked command in '/home/kits/task1_ws/src/odom_kalman' returned '0': PYTHONPATH=/home/kits/task1_ws/build/odom_kalman/prefix_override:/usr/lib/python3/dist-packages/colcon_core/task/python/colcon_distutils_commands:/home/kits/task1_ws/install/odom_kalman/lib/python3.10/site-packages:${PYTHONPATH} /usr/bin/python3 -W ignore:setup.py install is deprecated -W ignore:easy_install command is deprecated setup.py egg_info --egg-base ../../build/odom_kalman build --build-base /home/kits/task1_ws/build/odom_kalman/build install --record /home/kits/task1_ws/build/odom_kalman/install.log --single-version-externally-managed install_data
