/home/kits/task1_ws/install/odom_kalman/lib/python3.10/site-packages/odom_kalman/wheel_controller.py
/home/kits/task1_ws/install/odom_kalman/lib/python3.10/site-packages/odom_kalman/__init__.py
/home/kits/task1_ws/install/odom_kalman/lib/python3.10/site-packages/odom_kalman/test_odometry.py
/home/kits/task1_ws/install/odom_kalman/lib/python3.10/site-packages/odom_kalman/kalman_node.py
/home/kits/task1_ws/install/odom_kalman/lib/python3.10/site-packages/odom_kalman/__pycache__/wheel_controller.cpython-310.pyc
/home/kits/task1_ws/install/odom_kalman/lib/python3.10/site-packages/odom_kalman/__pycache__/__init__.cpython-310.pyc
/home/kits/task1_ws/install/odom_kalman/lib/python3.10/site-packages/odom_kalman/__pycache__/test_odometry.cpython-310.pyc
/home/kits/task1_ws/install/odom_kalman/lib/python3.10/site-packages/odom_kalman/__pycache__/kalman_node.cpython-310.pyc
/home/kits/task1_ws/install/odom_kalman/share/ament_index/resource_index/packages/odom_kalman
/home/kits/task1_ws/install/odom_kalman/share/odom_kalman/package.xml
/home/kits/task1_ws/install/odom_kalman/lib/python3.10/site-packages/odom_kalman-0.0.0-py3.10.egg-info/SOURCES.txt
/home/kits/task1_ws/install/odom_kalman/lib/python3.10/site-packages/odom_kalman-0.0.0-py3.10.egg-info/top_level.txt
/home/kits/task1_ws/install/odom_kalman/lib/python3.10/site-packages/odom_kalman-0.0.0-py3.10.egg-info/dependency_links.txt
/home/kits/task1_ws/install/odom_kalman/lib/python3.10/site-packages/odom_kalman-0.0.0-py3.10.egg-info/entry_points.txt
/home/kits/task1_ws/install/odom_kalman/lib/python3.10/site-packages/odom_kalman-0.0.0-py3.10.egg-info/zip-safe
/home/kits/task1_ws/install/odom_kalman/lib/python3.10/site-packages/odom_kalman-0.0.0-py3.10.egg-info/PKG-INFO
/home/kits/task1_ws/install/odom_kalman/lib/python3.10/site-packages/odom_kalman-0.0.0-py3.10.egg-info/requires.txt
/home/kits/task1_ws/install/odom_kalman/lib/odom_kalman/kalman_node
/home/kits/task1_ws/install/odom_kalman/lib/odom_kalman/test_odometry
/home/kits/task1_ws/install/odom_kalman/lib/odom_kalman/wheel_controller
