[0.538s] Invoking command in '/home/kits/task1_ws/src/odom_kalman': PYTHONPATH=/home/kits/task1_ws/build/odom_kalman/prefix_override:/usr/lib/python3/dist-packages/colcon_core/task/python/colcon_distutils_commands:/home/kits/task1_ws/install/odom_kalman/lib/python3.10/site-packages:${PYTHONPATH} /usr/bin/python3 -W ignore:setup.py install is deprecated -W ignore:easy_install command is deprecated setup.py egg_info --egg-base ../../build/odom_kalman build --build-base /home/kits/task1_ws/build/odom_kalman/build install --record /home/kits/task1_ws/build/odom_kalman/install.log --single-version-externally-managed install_data
[0.681s] running egg_info
[0.681s] writing ../../build/odom_kalman/odom_kalman.egg-info/PKG-INFO
[0.681s] writing dependency_links to ../../build/odom_kalman/odom_kalman.egg-info/dependency_links.txt
[0.681s] writing entry points to ../../build/odom_kalman/odom_kalman.egg-info/entry_points.txt
[0.681s] writing requirements to ../../build/odom_kalman/odom_kalman.egg-info/requires.txt
[0.682s] writing top-level names to ../../build/odom_kalman/odom_kalman.egg-info/top_level.txt
[0.682s] reading manifest file '../../build/odom_kalman/odom_kalman.egg-info/SOURCES.txt'
[0.683s] writing manifest file '../../build/odom_kalman/odom_kalman.egg-info/SOURCES.txt'
[0.683s] running build
[0.683s] running build_py
[0.683s] copying odom_kalman/wheel_controller.py -> /home/kits/task1_ws/build/odom_kalman/build/lib/odom_kalman
[0.683s] running install
[0.683s] running install_lib
[0.684s] copying /home/kits/task1_ws/build/odom_kalman/build/lib/odom_kalman/wheel_controller.py -> /home/kits/task1_ws/install/odom_kalman/lib/python3.10/site-packages/odom_kalman
[0.684s] byte-compiling /home/kits/task1_ws/install/odom_kalman/lib/python3.10/site-packages/odom_kalman/wheel_controller.py to wheel_controller.cpython-310.pyc
[0.685s] running install_data
[0.685s] running install_egg_info
[0.686s] removing '/home/kits/task1_ws/install/odom_kalman/lib/python3.10/site-packages/odom_kalman-0.0.0-py3.10.egg-info' (and everything under it)
[0.686s] Copying ../../build/odom_kalman/odom_kalman.egg-info to /home/kits/task1_ws/install/odom_kalman/lib/python3.10/site-packages/odom_kalman-0.0.0-py3.10.egg-info
[0.686s] running install_scripts
[0.700s] Installing kalman_node script to /home/kits/task1_ws/install/odom_kalman/lib/odom_kalman
[0.700s] Installing test_odometry script to /home/kits/task1_ws/install/odom_kalman/lib/odom_kalman
[0.700s] Installing wheel_controller script to /home/kits/task1_ws/install/odom_kalman/lib/odom_kalman
[0.700s] writing list of installed files to '/home/kits/task1_ws/build/odom_kalman/install.log'
[0.722s] Invoked command in '/home/kits/task1_ws/src/odom_kalman' returned '0': PYTHONPATH=/home/kits/task1_ws/build/odom_kalman/prefix_override:/usr/lib/python3/dist-packages/colcon_core/task/python/colcon_distutils_commands:/home/kits/task1_ws/install/odom_kalman/lib/python3.10/site-packages:${PYTHONPATH} /usr/bin/python3 -W ignore:setup.py install is deprecated -W ignore:easy_install command is deprecated setup.py egg_info --egg-base ../../build/odom_kalman build --build-base /home/kits/task1_ws/build/odom_kalman/build install --record /home/kits/task1_ws/build/odom_kalman/install.log --single-version-externally-managed install_data
