running egg_info
writing ../../build/odom_kalman/odom_kalman.egg-info/PKG-INFO
writing dependency_links to ../../build/odom_kalman/odom_kalman.egg-info/dependency_links.txt
writing entry points to ../../build/odom_kalman/odom_kalman.egg-info/entry_points.txt
writing requirements to ../../build/odom_kalman/odom_kalman.egg-info/requires.txt
writing top-level names to ../../build/odom_kalman/odom_kalman.egg-info/top_level.txt
reading manifest file '../../build/odom_kalman/odom_kalman.egg-info/SOURCES.txt'
writing manifest file '../../build/odom_kalman/odom_kalman.egg-info/SOURCES.txt'
running build
running build_py
running install
running install_lib
running install_data
running install_egg_info
removing '/home/kits/task1_ws/install/odom_kalman/lib/python3.10/site-packages/odom_kalman-0.0.0-py3.10.egg-info' (and everything under it)
Copying ../../build/odom_kalman/odom_kalman.egg-info to /home/kits/task1_ws/install/odom_kalman/lib/python3.10/site-packages/odom_kalman-0.0.0-py3.10.egg-info
running install_scripts
Installing kalman_node script to /home/kits/task1_ws/install/odom_kalman/lib/odom_kalman
Installing test_odometry script to /home/kits/task1_ws/install/odom_kalman/lib/odom_kalman
writing list of installed files to '/home/kits/task1_ws/build/odom_kalman/install.log'
